00000000 PRG 2025-03-29 00:05:08.122 22335   259 "Loading library /opt/HPCCSystems/9.10.12/clienttools/plugins/cassandra.ecllib"
00000001 PRG 2025-03-29 00:05:08.122 22335   259 "Loading library /opt/HPCCSystems/9.10.12/clienttools/plugins/lib_keylib.ecllib"
00000002 PRG 2025-03-29 00:05:08.124 22335   259 "Loading plugin /opt/HPCCSystems/9.10.12/clienttools/plugins/libdebugservices.dylib[lib_debugservices] version = DEBUGSERVICES 1.0.1"
00000003 PRG 2025-03-29 00:05:08.124 22335   259 "Loading library /opt/HPCCSystems/9.10.12/clienttools/plugins/python3.ecllib"
00000004 PRG 2025-03-29 00:05:08.124 22335   259 "Loading library /opt/HPCCSystems/9.10.12/clienttools/plugins/javascript.ecllib"
00000005 PRG 2025-03-29 00:05:08.124 22335   259 "Loading library /opt/HPCCSystems/9.10.12/clienttools/plugins/lib_cryptolib.ecllib"
00000006 PRG 2025-03-29 00:05:08.124 22335   259 "Loading library /opt/HPCCSystems/9.10.12/clienttools/plugins/lib_metaphone3.ecllib"
00000007 PRG 2025-03-29 00:05:08.127 22335   259 "Loading plugin /opt/HPCCSystems/9.10.12/clienttools/plugins/libunicodelib.dylib[lib_unicodelib] version = UNICODELIB 1.1.06"
00000008 PRG 2025-03-29 00:05:08.127 22335   259 "Loading library /opt/HPCCSystems/9.10.12/clienttools/plugins/mongodb.ecllib"
00000009 PRG 2025-03-29 00:05:08.127 22335   259 "Loading library /opt/HPCCSystems/9.10.12/clienttools/plugins/lib_thorlib.ecllib"
0000000A PRG 2025-03-29 00:05:08.127 22335   259 "Loading library /opt/HPCCSystems/9.10.12/clienttools/plugins/sqlite3.ecllib"
0000000B PRG 2025-03-29 00:05:08.127 22335   259 "Loading library /opt/HPCCSystems/9.10.12/clienttools/plugins/parquet.ecllib"
0000000C PRG 2025-03-29 00:05:08.127 22335   259 "Loading library /opt/HPCCSystems/9.10.12/clienttools/plugins/lib_metaphone.ecllib"
0000000D PRG 2025-03-29 00:05:08.130 22335   259 "Loading library /opt/HPCCSystems/9.10.12/clienttools/plugins/mysql.ecllib"
0000000E PRG 2025-03-29 00:05:08.130 22335   259 "Loading library /opt/HPCCSystems/9.10.12/clienttools/plugins/lib_memcached.ecllib"
0000000F PRG 2025-03-29 00:05:08.130 22335   259 "Loading library /opt/HPCCSystems/9.10.12/clienttools/plugins/couchbase.ecllib"
00000010 PRG 2025-03-29 00:05:08.130 22335   259 "Loading library /opt/HPCCSystems/9.10.12/clienttools/plugins/lib_nlp.ecllib"
00000011 PRG 2025-03-29 00:05:08.131 22335   259 "Loading plugin /opt/HPCCSystems/9.10.12/clienttools/plugins/liblogging.dylib[lib_logging] version = LOGGING 1.0.2"
00000012 PRG 2025-03-29 00:05:08.131 22335   259 "Loading library /opt/HPCCSystems/9.10.12/clienttools/plugins/lib_redis.ecllib"
00000013 PRG 2025-03-29 00:05:08.131 22335   259 "Loading library /opt/HPCCSystems/9.10.12/clienttools/plugins/lib_eclblas.ecllib"
00000014 PRG 2025-03-29 00:05:08.131 22335   259 "Loading library /opt/HPCCSystems/9.10.12/clienttools/plugins/lib_fileservices.ecllib"
00000015 PRG 2025-03-29 00:05:08.131 22335   259 "Loading library /opt/HPCCSystems/9.10.12/clienttools/plugins/lib_h3.ecllib"
00000016 PRG 2025-03-29 00:05:08.131 22335   259 "Loading library /opt/HPCCSystems/9.10.12/clienttools/plugins/kafka.ecllib"
00000017 PRG 2025-03-29 00:05:08.131 22335   259 "Loading library /opt/HPCCSystems/9.10.12/clienttools/plugins/lib_word.ecllib"
00000018 PRG 2025-03-29 00:05:08.132 22335   259 "Loading library /opt/HPCCSystems/9.10.12/clienttools/plugins/sqs.ecllib"
00000019 PRG 2025-03-29 00:05:08.155 22335   259 "Loading plugin /opt/HPCCSystems/9.10.12/clienttools/plugins/libparselib.dylib[lib_parselib] version = PARSELIB 1.0.1"
0000001A PRG 2025-03-29 00:05:08.156 22335   259 "Loading plugin /opt/HPCCSystems/9.10.12/clienttools/plugins/libworkunitservices.dylib[lib_WORKUNITSERVICES] version = WORKUNITSERVICES 1.0.2"
0000001B PRG 2025-03-29 00:05:08.156 22335   259 "Loading library /opt/HPCCSystems/9.10.12/clienttools/plugins/lib_sslservices.ecllib"
0000001C PRG 2025-03-29 00:05:08.156 22335   259 "Loading library /opt/HPCCSystems/9.10.12/clienttools/plugins/wasm.ecllib"
0000001D PRG 2025-03-29 00:05:08.158 22335   259 "Loading plugin /opt/HPCCSystems/9.10.12/clienttools/plugins/libtimelib.dylib[lib_timelib] version = TIMELIB 1.0.0"
0000001E PRG 2025-03-29 00:05:08.158 22335   259 "Loading library /opt/HPCCSystems/9.10.12/clienttools/plugins/java.ecllib"
0000001F PRG 2025-03-29 00:05:08.159 22335   259 "Loading plugin /opt/HPCCSystems/9.10.12/clienttools/plugins/libstringlib.dylib[lib_stringlib] version = STRINGLIB 1.1.14"
00000020 PRG 2025-03-29 00:05:08.159 22335   259 "Loading library /opt/HPCCSystems/9.10.12/clienttools/plugins/R.ecllib"
00000021 PRG 2025-03-29 00:05:08.159 22335   259 "Loading library /opt/HPCCSystems/9.10.12/clienttools/plugins/lib_saltlib.ecllib"
00000022 PRG 2025-03-29 00:05:08.160 22335   259 "Loading plugin /opt/HPCCSystems/9.10.12/clienttools/plugins/libauditlib.dylib[lib_auditlib] version = AUDITLIB 1.0.1"
